# JRE version: Java(TM) SE Runtime Environment (8.0_202-b08) (build 1.8.0_202-b08)
# Java VM: Java HotSpot(TM) Client VM (25.202-b08 mixed mode windows-x86 )
Heap:
 def new generation   total 28160K, used 18828K [0x05200000, 0x07080000, 0x0a750000)
  eden space 25088K,  70% used [0x05200000, 0x063404b0, 0x06a80000)
  from space 3072K,  37% used [0x06d80000, 0x06ea2d60, 0x07080000)
  to   space 3072K,   0% used [0x06a80000, 0x06a80000, 0x06d80000)
 tenured generation   total 62340K, used 50027K [0x0a750000, 0x0e431000, 0x15200000)
   the space 62340K,  80% used [0x0a750000, 0x0d82ae50, 0x0d82b000, 0x0e431000)
 Metaspace       used 19656K, capacity 19968K, committed 20096K, reserved 20864K
GC Heap History (10 events):
Event: 5.354 GC heap before
{Heap before GC invocations=42 (full 3):
 def new generation   total 28160K, used 25088K [0x05200000, 0x07080000, 0x0a750000)
  eden space 25088K, 100% used [0x05200000, 0x06a80000, 0x06a80000)
  from space 3072K,   0% used [0x06a80000, 0x06a80000, 0x06d80000)
  to   space 3072K,   0% used [0x06d80000, 0x06d80000, 0x07080000)
 tenured generation   total 62340K, used 37403K [0x0a750000, 0x0e431000, 0x15200000)
   the space 62340K,  59% used [0x0a750000, 0x0cbd6ff8, 0x0cbd7000, 0x0e431000)
 Metaspace       used 15649K, capacity 15908K, committed 16000K, reserved 16768K
Event: 5.380 GC heap after
Heap after GC invocations=43 (full 3):
 def new generation   total 28160K, used 3072K [0x05200000, 0x07080000, 0x0a750000)
  eden space 25088K,   0% used [0x05200000, 0x05200000, 0x06a80000)
  from space 3072K, 100% used [0x06d80000, 0x07080000, 0x07080000)
  to   space 3072K,   0% used [0x06a80000, 0x06a80000, 0x06d80000)
 tenured generation   total 62340K, used 38848K [0x0a750000, 0x0e431000, 0x15200000)
   the space 62340K,  62% used [0x0a750000, 0x0cd40008, 0x0cd40200, 0x0e431000)
 Metaspace       used 15649K, capacity 15908K, committed 16000K, reserved 16768K
}
Event: 7.390 GC heap before
{Heap before GC invocations=43 (full 3):
 def new generation   total 28160K, used 28160K [0x05200000, 0x07080000, 0x0a750000)
  eden space 25088K, 100% used [0x05200000, 0x06a80000, 0x06a80000)
  from space 3072K, 100% used [0x06d80000, 0x07080000, 0x07080000)
  to   space 3072K,   0% used [0x06a80000, 0x06a80000, 0x06d80000)
 tenured generation   total 62340K, used 38848K [0x0a750000, 0x0e431000, 0x15200000)
   the space 62340K,  62% used [0x0a750000, 0x0cd40008, 0x0cd40200, 0x0e431000)
 Metaspace       used 18630K, capacity 18907K, committed 19072K, reserved 19840K
Event: 7.407 GC heap after
Heap after GC invocations=44 (full 3):
 def new generation   total 28160K, used 3072K [0x05200000, 0x07080000, 0x0a750000)
  eden space 25088K,   0% used [0x05200000, 0x05200000, 0x06a80000)
  from space 3072K, 100% used [0x06a80000, 0x06d80000, 0x06d80000)
  to   space 3072K,   0% used [0x06d80000, 0x06d80000, 0x07080000)
 tenured generation   total 62340K, used 42393K [0x0a750000, 0x0e431000, 0x15200000)
   the space 62340K,  68% used [0x0a750000, 0x0d0b6418, 0x0d0b6600, 0x0e431000)
 Metaspace       used 18630K, capacity 18907K, committed 19072K, reserved 19840K
}
Event: 7.735 GC heap before
{Heap before GC invocations=44 (full 3):
 def new generation   total 28160K, used 15392K [0x05200000, 0x07080000, 0x0a750000)
  eden space 25088K,  49% used [0x05200000, 0x05e082f8, 0x06a80000)
  from space 3072K, 100% used [0x06a80000, 0x06d80000, 0x06d80000)
  to   space 3072K,   0% used [0x06d80000, 0x06d80000, 0x07080000)
 tenured generation   total 62340K, used 42393K [0x0a750000, 0x0e431000, 0x15200000)
   the space 62340K,  68% used [0x0a750000, 0x0d0b6418, 0x0d0b6600, 0x0e431000)
 Metaspace       used 19323K, capacity 19616K, committed 19712K, reserved 19840K
Event: 7.746 GC heap after
Heap after GC invocations=45 (full 3):
 def new generation   total 28160K, used 1865K [0x05200000, 0x07080000, 0x0a750000)
  eden space 25088K,   0% used [0x05200000, 0x05200000, 0x06a80000)
  from space 3072K,  60% used [0x06d80000, 0x06f52730, 0x07080000)
  to   space 3072K,   0% used [0x06a80000, 0x06a80000, 0x06d80000)
 tenured generation   total 62340K, used 48576K [0x0a750000, 0x0e431000, 0x15200000)
   the space 62340K,  77% used [0x0a750000, 0x0d6c01e0, 0x0d6c0200, 0x0e431000)
 Metaspace       used 19323K, capacity 19616K, committed 19712K, reserved 19840K
}
Event: 7.760 GC heap before
{Heap before GC invocations=45 (full 3):
 def new generation   total 28160K, used 18905K [0x05200000, 0x07080000, 0x0a750000)
  eden space 25088K,  67% used [0x05200000, 0x062a3d10, 0x06a80000)
  from space 3072K,  60% used [0x06d80000, 0x06f52730, 0x07080000)
  to   space 3072K,   0% used [0x06a80000, 0x06a80000, 0x06d80000)
 tenured generation   total 62340K, used 48576K [0x0a750000, 0x0e431000, 0x15200000)
   the space 62340K,  77% used [0x0a750000, 0x0d6c01e0, 0x0d6c0200, 0x0e431000)
 Metaspace       used 19324K, capacity 19616K, committed 19712K, reserved 19840K
Event: 7.763 GC heap after
Heap after GC invocations=46 (full 3):
 def new generation   total 28160K, used 131K [0x05200000, 0x07080000, 0x0a750000)
  eden space 25088K,   0% used [0x05200000, 0x05200000, 0x06a80000)
  from space 3072K,   4% used [0x06a80000, 0x06aa0e98, 0x06d80000)
  to   space 3072K,   0% used [0x06d80000, 0x06d80000, 0x07080000)
 tenured generation   total 62340K, used 50027K [0x0a750000, 0x0e431000, 0x15200000)
   the space 62340K,  80% used [0x0a750000, 0x0d82ae50, 0x0d82b000, 0x0e431000)
 Metaspace       used 19324K, capacity 19616K, committed 19712K, reserved 19840K
}
Event: 7.893 GC heap before
{Heap before GC invocations=46 (full 3):
 def new generation   total 28160K, used 25219K [0x05200000, 0x07080000, 0x0a750000)
  eden space 25088K, 100% used [0x05200000, 0x06a80000, 0x06a80000)
  from space 3072K,   4% used [0x06a80000, 0x06aa0e98, 0x06d80000)
  to   space 3072K,   0% used [0x06d80000, 0x06d80000, 0x07080000)
 tenured generation   total 62340K, used 50027K [0x0a750000, 0x0e431000, 0x15200000)
   the space 62340K,  80% used [0x0a750000, 0x0d82ae50, 0x0d82b000, 0x0e431000)
 Metaspace       used 19582K, capacity 19840K, committed 19968K, reserved 20864K
Event: 7.896 GC heap after
Heap after GC invocations=47 (full 3):
 def new generation   total 28160K, used 1163K [0x05200000, 0x07080000, 0x0a750000)
  eden space 25088K,   0% used [0x05200000, 0x05200000, 0x06a80000)
  from space 3072K,  37% used [0x06d80000, 0x06ea2d60, 0x07080000)
  to   space 3072K,   0% used [0x06a80000, 0x06a80000, 0x06d80000)
 tenured generation   total 62340K, used 50027K [0x0a750000, 0x0e431000, 0x15200000)
   the space 62340K,  80% used [0x0a750000, 0x0d82ae50, 0x0d82b000, 0x0e431000)
 Metaspace       used 19582K, capacity 19840K, committed 19968K, reserved 20864K
}

