# JRE version: Java(TM) SE Runtime Environment (8.0_202-b08) (build 1.8.0_202-b08)
# Java VM: Java HotSpot(TM) Client VM (25.202-b08 mixed mode, sharing windows-x86 )
Heap:
 def new generation   total 56704K, used 53003K [0x04800000, 0x08580000, 0x09d50000)
  eden space 50432K,  92% used [0x04800000, 0x075a2e48, 0x07940000)
  from space 6272K, 100% used [0x07f60000, 0x08580000, 0x08580000)
  to   space 6272K,   0% used [0x07940000, 0x07940000, 0x07f60000)
 tenured generation   total 125732K, used 105078K [0x09d50000, 0x11819000, 0x14800000)
   the space 125732K,  83% used [0x09d50000, 0x103ed8f0, 0x103eda00, 0x11819000)
 Metaspace       used 26697K, capacity 28276K, committed 28416K, reserved 29056K
GC Heap History (10 events):
Event: 6.786 GC heap before
{Heap before GC invocations=51 (full 4):
 def new generation   total 30400K, used 30400K [0x04800000, 0x068f0000, 0x09d50000)
  eden space 27072K, 100% used [0x04800000, 0x06270000, 0x06270000)
  from space 3328K, 100% used [0x065b0000, 0x068f0000, 0x068f0000)
  to   space 3328K,   0% used [0x06270000, 0x06270000, 0x065b0000)
 tenured generation   total 67304K, used 50271K [0x09d50000, 0x0df0a000, 0x14800000)
   the space 67304K,  74% used [0x09d50000, 0x0ce67eb8, 0x0ce68000, 0x0df0a000)
 Metaspace       used 20961K, capacity 21748K, committed 21760K, reserved 21888K
Event: 6.831 GC heap after
Heap after GC invocations=52 (full 4):
 def new generation   total 30400K, used 3328K [0x04800000, 0x068f0000, 0x09d50000)
  eden space 27072K,   0% used [0x04800000, 0x04800000, 0x06270000)
  from space 3328K, 100% used [0x06270000, 0x065b0000, 0x065b0000)
  to   space 3328K,   0% used [0x065b0000, 0x065b0000, 0x068f0000)
 tenured generation   total 67304K, used 62447K [0x09d50000, 0x0df0a000, 0x14800000)
   the space 67304K,  92% used [0x09d50000, 0x0da4bcd8, 0x0da4be00, 0x0df0a000)
 Metaspace       used 20961K, capacity 21748K, committed 21760K, reserved 21888K
}
Event: 6.882 GC heap before
{Heap before GC invocations=52 (full 4):
 def new generation   total 30400K, used 30400K [0x04800000, 0x068f0000, 0x09d50000)
  eden space 27072K, 100% used [0x04800000, 0x06270000, 0x06270000)
  from space 3328K, 100% used [0x06270000, 0x065b0000, 0x065b0000)
  to   space 3328K,   0% used [0x065b0000, 0x065b0000, 0x068f0000)
 tenured generation   total 67304K, used 62447K [0x09d50000, 0x0df0a000, 0x14800000)
   the space 67304K,  92% used [0x09d50000, 0x0da4bcd8, 0x0da4be00, 0x0df0a000)
 Metaspace       used 21049K, capacity 21867K, committed 21888K, reserved 21888K
Event: 7.106 GC heap after
Heap after GC invocations=53 (full 5):
 def new generation   total 56704K, used 0K [0x04800000, 0x08580000, 0x09d50000)
  eden space 50432K,   0% used [0x04800000, 0x04800000, 0x07940000)
  from space 6272K,   0% used [0x07940000, 0x07940000, 0x07f60000)
  to   space 6272K,   0% used [0x07f60000, 0x07f60000, 0x08580000)
 tenured generation   total 125732K, used 75438K [0x09d50000, 0x11819000, 0x14800000)
   the space 125732K,  59% used [0x09d50000, 0x0e6fbb90, 0x0e6fbc00, 0x11819000)
 Metaspace       used 21049K, capacity 21864K, committed 21888K, reserved 21888K
}
Event: 7.296 GC heap before
{Heap before GC invocations=53 (full 5):
 def new generation   total 56704K, used 50432K [0x04800000, 0x08580000, 0x09d50000)
  eden space 50432K, 100% used [0x04800000, 0x07940000, 0x07940000)
  from space 6272K,   0% used [0x07940000, 0x07940000, 0x07f60000)
  to   space 6272K,   0% used [0x07f60000, 0x07f60000, 0x08580000)
 tenured generation   total 125732K, used 75438K [0x09d50000, 0x11819000, 0x14800000)
   the space 125732K,  59% used [0x09d50000, 0x0e6fbb90, 0x0e6fbc00, 0x11819000)
 Metaspace       used 21613K, capacity 22562K, committed 22656K, reserved 22912K
Event: 7.355 GC heap after
Heap after GC invocations=54 (full 5):
 def new generation   total 56704K, used 6272K [0x04800000, 0x08580000, 0x09d50000)
  eden space 50432K,   0% used [0x04800000, 0x04800000, 0x07940000)
  from space 6272K, 100% used [0x07f60000, 0x08580000, 0x08580000)
  to   space 6272K,   0% used [0x07940000, 0x07940000, 0x07f60000)
 tenured generation   total 125732K, used 91355K [0x09d50000, 0x11819000, 0x14800000)
   the space 125732K,  72% used [0x09d50000, 0x0f686c48, 0x0f686e00, 0x11819000)
 Metaspace       used 21613K, capacity 22562K, committed 22656K, reserved 22912K
}
Event: 7.752 GC heap before
{Heap before GC invocations=54 (full 5):
 def new generation   total 56704K, used 56704K [0x04800000, 0x08580000, 0x09d50000)
  eden space 50432K, 100% used [0x04800000, 0x07940000, 0x07940000)
  from space 6272K, 100% used [0x07f60000, 0x08580000, 0x08580000)
  to   space 6272K,   0% used [0x07940000, 0x07940000, 0x07f60000)
 tenured generation   total 125732K, used 91355K [0x09d50000, 0x11819000, 0x14800000)
   the space 125732K,  72% used [0x09d50000, 0x0f686c48, 0x0f686e00, 0x11819000)
 Metaspace       used 23663K, capacity 25223K, committed 25344K, reserved 25984K
Event: 7.780 GC heap after
Heap after GC invocations=55 (full 5):
 def new generation   total 56704K, used 6272K [0x04800000, 0x08580000, 0x09d50000)
  eden space 50432K,   0% used [0x04800000, 0x04800000, 0x07940000)
  from space 6272K, 100% used [0x07940000, 0x07f60000, 0x07f60000)
  to   space 6272K,   0% used [0x07f60000, 0x07f60000, 0x08580000)
 tenured generation   total 125732K, used 98104K [0x09d50000, 0x11819000, 0x14800000)
   the space 125732K,  78% used [0x09d50000, 0x0fd1e2d8, 0x0fd1e400, 0x11819000)
 Metaspace       used 23663K, capacity 25223K, committed 25344K, reserved 25984K
}
Event: 9.247 GC heap before
{Heap before GC invocations=55 (full 5):
 def new generation   total 56704K, used 53233K [0x04800000, 0x08580000, 0x09d50000)
  eden space 50432K,  93% used [0x04800000, 0x075dc750, 0x07940000)
  from space 6272K, 100% used [0x07940000, 0x07f60000, 0x07f60000)
  to   space 6272K,   0% used [0x07f60000, 0x07f60000, 0x08580000)
 tenured generation   total 125732K, used 98104K [0x09d50000, 0x11819000, 0x14800000)
   the space 125732K,  78% used [0x09d50000, 0x0fd1e2d8, 0x0fd1e400, 0x11819000)
 Metaspace       used 26377K, capacity 27956K, committed 28032K, reserved 28032K
Event: 9.265 GC heap after
Heap after GC invocations=56 (full 5):
 def new generation   total 56704K, used 6272K [0x04800000, 0x08580000, 0x09d50000)
  eden space 50432K,   0% used [0x04800000, 0x04800000, 0x07940000)
  from space 6272K, 100% used [0x07f60000, 0x08580000, 0x08580000)
  to   space 6272K,   0% used [0x07940000, 0x07940000, 0x07f60000)
 tenured generation   total 125732K, used 105078K [0x09d50000, 0x11819000, 0x14800000)
   the space 125732K,  83% used [0x09d50000, 0x103ed8f0, 0x103eda00, 0x11819000)
 Metaspace       used 26377K, capacity 27956K, committed 28032K, reserved 28032K
}

