# JRE version: Java(TM) SE Runtime Environment (8.0_202-b08) (build 1.8.0_202-b08)
# Java VM: Java HotSpot(TM) Client VM (25.202-b08 mixed mode windows-x86 )
Heap:
 def new generation   total 28160K, used 25323K [0x04e00000, 0x06c80000, 0x0a350000)
  eden space 25088K,  92% used [0x04e00000, 0x064b15e0, 0x06680000)
  from space 3072K,  67% used [0x06980000, 0x06b896f0, 0x06c80000)
  to   space 3072K,   0% used [0x06680000, 0x06680000, 0x06980000)
 tenured generation   total 62340K, used 47844K [0x0a350000, 0x0e031000, 0x14e00000)
   the space 62340K,  76% used [0x0a350000, 0x0d209088, 0x0d209200, 0x0e031000)
 Metaspace       used 19152K, capacity 19438K, committed 19584K, reserved 19840K
GC Heap History (10 events):
Event: 6.725 GC heap before
{Heap before GC invocations=42 (full 3):
 def new generation   total 28160K, used 25088K [0x04e00000, 0x06c80000, 0x0a350000)
  eden space 25088K, 100% used [0x04e00000, 0x06680000, 0x06680000)
  from space 3072K,   0% used [0x06680000, 0x06680000, 0x06980000)
  to   space 3072K,   0% used [0x06980000, 0x06980000, 0x06c80000)
 tenured generation   total 62340K, used 37403K [0x0a350000, 0x0e031000, 0x14e00000)
   the space 62340K,  59% used [0x0a350000, 0x0c7d6fe0, 0x0c7d7000, 0x0e031000)
 Metaspace       used 16113K, capacity 16409K, committed 16512K, reserved 16768K
Event: 6.752 GC heap after
Heap after GC invocations=43 (full 3):
 def new generation   total 28160K, used 3072K [0x04e00000, 0x06c80000, 0x0a350000)
  eden space 25088K,   0% used [0x04e00000, 0x04e00000, 0x06680000)
  from space 3072K, 100% used [0x06980000, 0x06c80000, 0x06c80000)
  to   space 3072K,   0% used [0x06680000, 0x06680000, 0x06980000)
 tenured generation   total 62340K, used 38089K [0x0a350000, 0x0e031000, 0x14e00000)
   the space 62340K,  61% used [0x0a350000, 0x0c882510, 0x0c882600, 0x0e031000)
 Metaspace       used 16113K, capacity 16409K, committed 16512K, reserved 16768K
}
Event: 8.068 GC heap before
{Heap before GC invocations=43 (full 3):
 def new generation   total 28160K, used 27889K [0x04e00000, 0x06c80000, 0x0a350000)
  eden space 25088K,  98% used [0x04e00000, 0x0663c770, 0x06680000)
  from space 3072K, 100% used [0x06980000, 0x06c80000, 0x06c80000)
  to   space 3072K,   0% used [0x06680000, 0x06680000, 0x06980000)
 tenured generation   total 62340K, used 38089K [0x0a350000, 0x0e031000, 0x14e00000)
   the space 62340K,  61% used [0x0a350000, 0x0c882510, 0x0c882600, 0x0e031000)
 Metaspace       used 18529K, capacity 18830K, committed 18944K, reserved 19840K
Event: 8.084 GC heap after
Heap after GC invocations=44 (full 3):
 def new generation   total 28160K, used 3072K [0x04e00000, 0x06c80000, 0x0a350000)
  eden space 25088K,   0% used [0x04e00000, 0x04e00000, 0x06680000)
  from space 3072K, 100% used [0x06680000, 0x06980000, 0x06980000)
  to   space 3072K,   0% used [0x06980000, 0x06980000, 0x06c80000)
 tenured generation   total 62340K, used 41420K [0x0a350000, 0x0e031000, 0x14e00000)
   the space 62340K,  66% used [0x0a350000, 0x0cbc3158, 0x0cbc3200, 0x0e031000)
 Metaspace       used 18529K, capacity 18830K, committed 18944K, reserved 19840K
}
Event: 8.212 GC heap before
{Heap before GC invocations=44 (full 3):
 def new generation   total 28160K, used 12433K [0x04e00000, 0x06c80000, 0x0a350000)
  eden space 25088K,  37% used [0x04e00000, 0x057244c0, 0x06680000)
  from space 3072K, 100% used [0x06680000, 0x06980000, 0x06980000)
  to   space 3072K,   0% used [0x06980000, 0x06980000, 0x06c80000)
 tenured generation   total 62340K, used 41420K [0x0a350000, 0x0e031000, 0x14e00000)
   the space 62340K,  66% used [0x0a350000, 0x0cbc3158, 0x0cbc3200, 0x0e031000)
 Metaspace       used 18824K, capacity 19118K, committed 19200K, reserved 19840K
Event: 8.221 GC heap after
Heap after GC invocations=45 (full 3):
 def new generation   total 28160K, used 1323K [0x04e00000, 0x06c80000, 0x0a350000)
  eden space 25088K,   0% used [0x04e00000, 0x04e00000, 0x06680000)
  from space 3072K,  43% used [0x06980000, 0x06acaea0, 0x06c80000)
  to   space 3072K,   0% used [0x06680000, 0x06680000, 0x06980000)
 tenured generation   total 62340K, used 47844K [0x0a350000, 0x0e031000, 0x14e00000)
   the space 62340K,  76% used [0x0a350000, 0x0d209088, 0x0d209200, 0x0e031000)
 Metaspace       used 18824K, capacity 19118K, committed 19200K, reserved 19840K
}
Event: 8.233 GC heap before
{Heap before GC invocations=45 (full 3):
 def new generation   total 28160K, used 18355K [0x04e00000, 0x06c80000, 0x0a350000)
  eden space 25088K,  67% used [0x04e00000, 0x05ea1dd0, 0x06680000)
  from space 3072K,  43% used [0x06980000, 0x06acaea0, 0x06c80000)
  to   space 3072K,   0% used [0x06680000, 0x06680000, 0x06980000)
 tenured generation   total 62340K, used 47844K [0x0a350000, 0x0e031000, 0x14e00000)
   the space 62340K,  76% used [0x0a350000, 0x0d209088, 0x0d209200, 0x0e031000)
 Metaspace       used 18824K, capacity 19118K, committed 19200K, reserved 19840K
Event: 8.235 GC heap after
Heap after GC invocations=46 (full 3):
 def new generation   total 28160K, used 1046K [0x04e00000, 0x06c80000, 0x0a350000)
  eden space 25088K,   0% used [0x04e00000, 0x04e00000, 0x06680000)
  from space 3072K,  34% used [0x06680000, 0x06785a60, 0x06980000)
  to   space 3072K,   0% used [0x06980000, 0x06980000, 0x06c80000)
 tenured generation   total 62340K, used 47844K [0x0a350000, 0x0e031000, 0x14e00000)
   the space 62340K,  76% used [0x0a350000, 0x0d209088, 0x0d209200, 0x0e031000)
 Metaspace       used 18824K, capacity 19118K, committed 19200K, reserved 19840K
}
Event: 8.350 GC heap before
{Heap before GC invocations=46 (full 3):
 def new generation   total 28160K, used 26134K [0x04e00000, 0x06c80000, 0x0a350000)
  eden space 25088K, 100% used [0x04e00000, 0x06680000, 0x06680000)
  from space 3072K,  34% used [0x06680000, 0x06785a60, 0x06980000)
  to   space 3072K,   0% used [0x06980000, 0x06980000, 0x06c80000)
 tenured generation   total 62340K, used 47844K [0x0a350000, 0x0e031000, 0x14e00000)
   the space 62340K,  76% used [0x0a350000, 0x0d209088, 0x0d209200, 0x0e031000)
 Metaspace       used 19008K, capacity 19278K, committed 19456K, reserved 19840K
Event: 8.353 GC heap after
Heap after GC invocations=47 (full 3):
 def new generation   total 28160K, used 2085K [0x04e00000, 0x06c80000, 0x0a350000)
  eden space 25088K,   0% used [0x04e00000, 0x04e00000, 0x06680000)
  from space 3072K,  67% used [0x06980000, 0x06b896f0, 0x06c80000)
  to   space 3072K,   0% used [0x06680000, 0x06680000, 0x06980000)
 tenured generation   total 62340K, used 47844K [0x0a350000, 0x0e031000, 0x14e00000)
   the space 62340K,  76% used [0x0a350000, 0x0d209088, 0x0d209200, 0x0e031000)
 Metaspace       used 19008K, capacity 19278K, committed 19456K, reserved 19840K
}

