# JRE version: OpenJDK Runtime Environment Corretto-11.0.13.8.1 (11.0.13+8) (build 11.0.13+8-LTS)
# Java VM: OpenJDK 64-Bit Server VM Corretto-11.0.13.8.1 (11.0.13+8-LTS, mixed mode, tiered, compressed oops, g1 gc, windows-amd64)
Heap:
 garbage-first heap   total 581632K, used 397462K [0x0000000080200000, 0x0000000100000000)
  region size 1024K, 115 young (117760K), 3 survivors (3072K)
 Metaspace       used 50535K, capacity 51103K, committed 51432K, reserved 1095680K
  class space    used 5214K, capacity 5414K, committed 5504K, reserved 1048576K
GC Heap History (20 events):
Event: 97.221 GC heap before
{Heap before GC invocations=149 (full 7):
 garbage-first heap   total 581632K, used 487820K [0x0000000080200000, 0x0000000100000000)
  region size 1024K, 143 young (146432K), 4 survivors (4096K)
 Metaspace       used 50470K, capacity 51033K, committed 51176K, reserved 1095680K
  class space    used 5213K, capacity 5413K, committed 5504K, reserved 1048576K
}
Event: 97.267 GC heap after
{Heap after GC invocations=150 (full 7):
 garbage-first heap   total 581632K, used 346833K [0x0000000080200000, 0x0000000100000000)
  region size 1024K, 6 young (6144K), 6 survivors (6144K)
 Metaspace       used 50470K, capacity 51033K, committed 51176K, reserved 1095680K
  class space    used 5213K, capacity 5413K, committed 5504K, reserved 1048576K
}
Event: 97.866 GC heap before
{Heap before GC invocations=150 (full 7):
 garbage-first heap   total 581632K, used 369361K [0x0000000080200000, 0x0000000100000000)
  region size 1024K, 28 young (28672K), 6 survivors (6144K)
 Metaspace       used 50472K, capacity 51033K, committed 51176K, reserved 1095680K
  class space    used 5213K, capacity 5413K, committed 5504K, reserved 1048576K
}
Event: 97.906 GC heap after
{Heap after GC invocations=151 (full 7):
 garbage-first heap   total 581632K, used 346236K [0x0000000080200000, 0x0000000100000000)
  region size 1024K, 3 young (3072K), 3 survivors (3072K)
 Metaspace       used 50472K, capacity 51033K, committed 51176K, reserved 1095680K
  class space    used 5213K, capacity 5413K, committed 5504K, reserved 1048576K
}
Event: 102.912 GC heap before
{Heap before GC invocations=151 (full 7):
 garbage-first heap   total 581632K, used 489596K [0x0000000080200000, 0x0000000100000000)
  region size 1024K, 144 young (147456K), 3 survivors (3072K)
 Metaspace       used 50489K, capacity 51039K, committed 51176K, reserved 1095680K
  class space    used 5214K, capacity 5414K, committed 5504K, reserved 1048576K
}
Event: 102.932 GC heap after
{Heap after GC invocations=152 (full 7):
 garbage-first heap   total 581632K, used 346257K [0x0000000080200000, 0x0000000100000000)
  region size 1024K, 3 young (3072K), 3 survivors (3072K)
 Metaspace       used 50489K, capacity 51039K, committed 51176K, reserved 1095680K
  class space    used 5214K, capacity 5414K, committed 5504K, reserved 1048576K
}
Event: 108.185 GC heap before
{Heap before GC invocations=152 (full 7):
 garbage-first heap   total 581632K, used 498833K [0x0000000080200000, 0x0000000100000000)
  region size 1024K, 152 young (155648K), 3 survivors (3072K)
 Metaspace       used 50501K, capacity 51039K, committed 51176K, reserved 1095680K
  class space    used 5214K, capacity 5414K, committed 5504K, reserved 1048576K
}
Event: 108.204 GC heap after
{Heap after GC invocations=153 (full 7):
 garbage-first heap   total 581632K, used 346545K [0x0000000080200000, 0x0000000100000000)
  region size 1024K, 3 young (3072K), 3 survivors (3072K)
 Metaspace       used 50501K, capacity 51039K, committed 51176K, reserved 1095680K
  class space    used 5214K, capacity 5414K, committed 5504K, reserved 1048576K
}
Event: 116.955 GC heap before
{Heap before GC invocations=153 (full 7):
 garbage-first heap   total 581632K, used 502193K [0x0000000080200000, 0x0000000100000000)
  region size 1024K, 156 young (159744K), 3 survivors (3072K)
 Metaspace       used 50520K, capacity 51103K, committed 51432K, reserved 1095680K
  class space    used 5214K, capacity 5414K, committed 5504K, reserved 1048576K
}
Event: 116.975 GC heap after
{Heap after GC invocations=154 (full 7):
 garbage-first heap   total 581632K, used 349559K [0x0000000080200000, 0x0000000100000000)
  region size 1024K, 6 young (6144K), 6 survivors (6144K)
 Metaspace       used 50520K, capacity 51103K, committed 51432K, reserved 1095680K
  class space    used 5214K, capacity 5414K, committed 5504K, reserved 1048576K
}
Event: 126.820 GC heap before
{Heap before GC invocations=155 (full 7):
 garbage-first heap   total 581632K, used 500087K [0x0000000080200000, 0x0000000100000000)
  region size 1024K, 158 young (161792K), 6 survivors (6144K)
 Metaspace       used 50525K, capacity 51103K, committed 51432K, reserved 1095680K
  class space    used 5214K, capacity 5414K, committed 5504K, reserved 1048576K
}
Event: 126.847 GC heap after
{Heap after GC invocations=156 (full 7):
 garbage-first heap   total 581632K, used 346947K [0x0000000080200000, 0x0000000100000000)
  region size 1024K, 7 young (7168K), 7 survivors (7168K)
 Metaspace       used 50525K, capacity 51103K, committed 51432K, reserved 1095680K
  class space    used 5214K, capacity 5414K, committed 5504K, reserved 1048576K
}
Event: 127.621 GC heap before
{Heap before GC invocations=156 (full 7):
 garbage-first heap   total 581632K, used 368451K [0x0000000080200000, 0x0000000100000000)
  region size 1024K, 28 young (28672K), 7 survivors (7168K)
 Metaspace       used 50525K, capacity 51103K, committed 51432K, reserved 1095680K
  class space    used 5214K, capacity 5414K, committed 5504K, reserved 1048576K
}
Event: 127.640 GC heap after
{Heap after GC invocations=157 (full 7):
 garbage-first heap   total 581632K, used 294254K [0x0000000080200000, 0x0000000100000000)
  region size 1024K, 2 young (2048K), 2 survivors (2048K)
 Metaspace       used 50525K, capacity 51103K, committed 51432K, reserved 1095680K
  class space    used 5214K, capacity 5414K, committed 5504K, reserved 1048576K
}
Event: 128.618 GC heap before
{Heap before GC invocations=157 (full 7):
 garbage-first heap   total 581632K, used 320878K [0x0000000080200000, 0x0000000100000000)
  region size 1024K, 28 young (28672K), 2 survivors (2048K)
 Metaspace       used 50527K, capacity 51103K, committed 51432K, reserved 1095680K
  class space    used 5214K, capacity 5414K, committed 5504K, reserved 1048576K
}
Event: 128.626 GC heap after
{Heap after GC invocations=158 (full 7):
 garbage-first heap   total 581632K, used 283380K [0x0000000080200000, 0x0000000100000000)
  region size 1024K, 2 young (2048K), 2 survivors (2048K)
 Metaspace       used 50527K, capacity 51103K, committed 51432K, reserved 1095680K
  class space    used 5214K, capacity 5414K, committed 5504K, reserved 1048576K
}
Event: 135.919 GC heap before
{Heap before GC invocations=158 (full 7):
 garbage-first heap   total 581632K, used 468724K [0x0000000080200000, 0x0000000100000000)
  region size 1024K, 184 young (188416K), 2 survivors (2048K)
 Metaspace       used 50532K, capacity 51103K, committed 51432K, reserved 1095680K
  class space    used 5214K, capacity 5414K, committed 5504K, reserved 1048576K
}
Event: 135.922 GC heap after
{Heap after GC invocations=159 (full 7):
 garbage-first heap   total 581632K, used 283688K [0x0000000080200000, 0x0000000100000000)
  region size 1024K, 3 young (3072K), 3 survivors (3072K)
 Metaspace       used 50532K, capacity 51103K, committed 51432K, reserved 1095680K
  class space    used 5214K, capacity 5414K, committed 5504K, reserved 1048576K
}
Event: 143.470 GC heap before
{Heap before GC invocations=159 (full 7):
 garbage-first heap   total 581632K, used 482344K [0x0000000080200000, 0x0000000100000000)
  region size 1024K, 197 young (201728K), 3 survivors (3072K)
 Metaspace       used 50534K, capacity 51103K, committed 51432K, reserved 1095680K
  class space    used 5214K, capacity 5414K, committed 5504K, reserved 1048576K
}
Event: 143.474 GC heap after
{Heap after GC invocations=160 (full 7):
 garbage-first heap   total 581632K, used 283798K [0x0000000080200000, 0x0000000100000000)
  region size 1024K, 3 young (3072K), 3 survivors (3072K)
 Metaspace       used 50534K, capacity 51103K, committed 51432K, reserved 1095680K
  class space    used 5214K, capacity 5414K, committed 5504K, reserved 1048576K
}

